<?xml version="1.0" encoding="UTF-8"?>
<!-- Generated by org.testng.reporters.JUnitReportReporter -->
<testsuite skipped="0" hostname="CBT-MH-000" name="test.twitter2" tests="1" failures="0" timestamp="16 Oct 2019 12:08:52 GMT" time="15.347" errors="0">
  <testcase name="UsernameTweets" time="15.347" classname="test.twitter2"/>
</testsuite> <!-- test.twitter2 -->
