<?xml version="1.0" encoding="UTF-8"?>
<!-- Generated by org.testng.reporters.JUnitReportReporter -->
<testsuite skipped="0" hostname="CBT-MH-000" name="test.twitter" tests="1" failures="0" timestamp="12 Oct 2019 08:41:56 GMT" time="17.618" errors="0">
  <testcase name="createandDeleteTweet" time="17.618" classname="test.twitter"/>
</testsuite> <!-- test.twitter -->
