<?xml version="1.0" encoding="UTF-8"?>
<!-- Generated by org.testng.reporters.JUnitReportReporter -->
<testsuite skipped="0" hostname="CBT-MH-000" name="test.twitter1" tests="1" failures="0" timestamp="11 Oct 2019 06:56:05 GMT" time="3.967" errors="0">
  <testcase name="getTweet" time="3.967" classname="test.twitter1"/>
</testsuite> <!-- test.twitter1 -->
